Using pre-set license
Built from '2020.3/staging' branch; Version is '2020.3.8f1 (507919d4fff5) revision 5273881'; Using compiler version '192528614'; Build Type 'Release'
OS: 'Windows 10 Pro; OS build 19042.985; Version 2009; 64bit' Language: 'en' Physical Memory: 32721 MB
BatchMode: 1, IsHumanControllingUs: 0, StartBugReporterOnCrash: 0, Is64bit: 1, IsPro: 0

 COMMAND LINE ARGUMENTS:
M:\Unity\2020.3.8f1\Editor\Unity.exe
-adb2
-batchMode
-noUpm
-name
AssetImportWorker0
-projectPath
M:/Projects/Chaos21/Chaos
-logFile
Logs/AssetImportWorker0.log
-srvPort
52943
Successfully changed project path to: M:/Projects/Chaos21/Chaos
M:/Projects/Chaos21/Chaos
Using Asset Import Pipeline V2.
Refreshing native plugins compatible for Editor in 24.28 ms, found 0 plugins.
Preloading 0 native plugins for Editor in 0.00 ms.
Initialize engine version: 2020.3.8f1 (507919d4fff5)
[Subsystems] Discovering subsystems at path M:/Unity/2020.3.8f1/Editor/Data/Resources/UnitySubsystems
[Subsystems] Discovering subsystems at path M:/Projects/Chaos21/Chaos/Assets
GfxDevice: creating device client; threaded=0
Direct3D:
    Version:  Direct3D 11.0 [level 11.1]
    Renderer: NVIDIA GeForce GTX 1080 Ti (ID=0x1b06)
    Vendor:   
    VRAM:     11127 MB
    Driver:   27.21.14.6611
Initialize mono
Mono path[0] = 'M:/Unity/2020.3.8f1/Editor/Data/Managed'
Mono path[1] = 'M:/Unity/2020.3.8f1/Editor/Data/MonoBleedingEdge/lib/mono/unityjit'
Mono config path = 'M:/Unity/2020.3.8f1/Editor/Data/MonoBleedingEdge/etc'
Using monoOptions --debugger-agent=transport=dt_socket,embedding=1,server=y,suspend=n,address=127.0.0.1:56776
Begin MonoManager ReloadAssembly
Registering precompiled unity dll's ...
Register platform support module: M:/Unity/2020.3.8f1/Editor/Data/PlaybackEngines/WebGLSupport/UnityEditor.WebGL.Extensions.dll
Register platform support module: M:/Unity/2020.3.8f1/Editor/Data/PlaybackEngines/WindowsStandaloneSupport/UnityEditor.WindowsStandalone.Extensions.dll
Registered in 0.001119 seconds.
Native extension for WindowsStandalone target not found
Native extension for WebGL target not found
Refreshing native plugins compatible for Editor in 28.82 ms, found 0 plugins.
Preloading 0 native plugins for Editor in 0.00 ms.
Mono: successfully reloaded assembly
- Completed reload, in  0.824 seconds
Platform modules already initialized, skipping
Registering precompiled user dll's ...
Registered in 0.000549 seconds.
Begin MonoManager ReloadAssembly
Native extension for WindowsStandalone target not found
Native extension for WebGL target not found
Refreshing native plugins compatible for Editor in 0.19 ms, found 0 plugins.
Preloading 0 native plugins for Editor in 0.00 ms.
Mono: successfully reloaded assembly
- Completed reload, in  0.924 seconds
Platform modules already initialized, skipping
========================================================================
Worker process is ready to serve import requests
Launched and connected shader compiler UnityShaderCompiler.exe after 0.04 seconds
Refreshing native plugins compatible for Editor in 0.28 ms, found 0 plugins.
Preloading 0 native plugins for Editor in 0.00 ms.
Unloading 1249 Unused Serialized files (Serialized files now loaded: 0)
System memory in use before: 65.2 MB.
System memory in use after: 65.2 MB.

Unloading 9 unused Assets to reduce memory usage. Loaded Objects now: 1693.
Total: 1.375300 ms (FindLiveObjects: 0.207700 ms CreateObjectMapping: 0.035400 ms MarkObjects: 1.081500 ms  DeleteObjects: 0.049800 ms)

========================================================================
Received Import Request.
  path: Assets/Scripts/WorldTileMap.cs
  artifactKey: Guid(7d37c699ee3f9b24ea7fcde2c2b2cbed) Importer(815301076,1909f56bfc062723c751e8b465ee728b)
Start importing Assets/Scripts/WorldTileMap.cs using Guid(7d37c699ee3f9b24ea7fcde2c2b2cbed) Importer(815301076,1909f56bfc062723c751e8b465ee728b)  -> (artifact id: 'ee6f5e0ccb10323b829c496ad5922644') in 0.061098 seconds
  Import took 0.063107 seconds .

========================================================================
Received Prepare
Refreshing native plugins compatible for Editor in 0.55 ms, found 0 plugins.
Preloading 0 native plugins for Editor in 0.00 ms.
Unloading 3 Unused Serialized files (Serialized files now loaded: 0)
System memory in use before: 38.2 MB.
System memory in use after: 38.3 MB.

Unloading 2 unused Assets to reduce memory usage. Loaded Objects now: 1693.
Total: 1.517900 ms (FindLiveObjects: 0.111000 ms CreateObjectMapping: 0.031400 ms MarkObjects: 1.360000 ms  DeleteObjects: 0.014900 ms)

========================================================================
Received Import Request.
  Time since last request: 203.700791 seconds.
  path: Assets/Scripts/WorldTileMap.cs
  artifactKey: Guid(7d37c699ee3f9b24ea7fcde2c2b2cbed) Importer(815301076,1909f56bfc062723c751e8b465ee728b)
Start importing Assets/Scripts/WorldTileMap.cs using Guid(7d37c699ee3f9b24ea7fcde2c2b2cbed) Importer(815301076,1909f56bfc062723c751e8b465ee728b)  -> (artifact id: 'ccc819be998bae7d54113f6686849515') in 0.001278 seconds
  Import took 0.002916 seconds .

========================================================================
Received Import Request.
  Time since last request: 0.107488 seconds.
  path: Assets/Scripts/WorldTileMap.cs
  artifactKey: Guid(7d37c699ee3f9b24ea7fcde2c2b2cbed) Importer(815301076,1909f56bfc062723c751e8b465ee728b)
Start importing Assets/Scripts/WorldTileMap.cs using Guid(7d37c699ee3f9b24ea7fcde2c2b2cbed) Importer(815301076,1909f56bfc062723c751e8b465ee728b)  -> (artifact id: 'ccc819be998bae7d54113f6686849515') in 0.001753 seconds
  Import took 0.003749 seconds .

========================================================================
Received Prepare
Registering precompiled user dll's ...
Registered in 0.000491 seconds.
Begin MonoManager ReloadAssembly
Native extension for WindowsStandalone target not found
Native extension for WebGL target not found
Refreshing native plugins compatible for Editor in 0.22 ms, found 0 plugins.
Preloading 0 native plugins for Editor in 0.00 ms.
Mono: successfully reloaded assembly
- Completed reload, in  0.644 seconds
Platform modules already initialized, skipping
Refreshing native plugins compatible for Editor in 0.21 ms, found 0 plugins.
Preloading 0 native plugins for Editor in 0.00 ms.
Unloading 1217 Unused Serialized files (Serialized files now loaded: 0)
System memory in use before: 62.4 MB.
System memory in use after: 62.5 MB.

Unloading 4 unused Assets to reduce memory usage. Loaded Objects now: 1696.
Total: 1.188000 ms (FindLiveObjects: 0.103600 ms CreateObjectMapping: 0.030900 ms MarkObjects: 1.042900 ms  DeleteObjects: 0.009800 ms)

========================================================================
Received Import Request.
  Time since last request: 35.039054 seconds.
  path: Assets/Prefabs/Player.prefab
  artifactKey: Guid(5c0afa589c20c39499765059cefeea4c) Importer(815301076,1909f56bfc062723c751e8b465ee728b)
Start importing Assets/Prefabs/Player.prefab using Guid(5c0afa589c20c39499765059cefeea4c) Importer(815301076,1909f56bfc062723c751e8b465ee728b)  -> (artifact id: '0cda23c1757282b0b89459919183a379') in 0.091415 seconds
  Import took 0.094426 seconds .

========================================================================
Received Prepare
Registering precompiled user dll's ...
Registered in 0.000463 seconds.
Begin MonoManager ReloadAssembly
Native extension for WindowsStandalone target not found
Native extension for WebGL target not found
Refreshing native plugins compatible for Editor in 0.20 ms, found 0 plugins.
Preloading 0 native plugins for Editor in 0.00 ms.
Mono: successfully reloaded assembly
- Completed reload, in  0.618 seconds
Platform modules already initialized, skipping
Refreshing native plugins compatible for Editor in 0.23 ms, found 0 plugins.
Preloading 0 native plugins for Editor in 0.00 ms.
Unloading 1217 Unused Serialized files (Serialized files now loaded: 0)
System memory in use before: 65.6 MB.
System memory in use after: 65.7 MB.

Unloading 4 unused Assets to reduce memory usage. Loaded Objects now: 1707.
Total: 1.225400 ms (FindLiveObjects: 0.118800 ms CreateObjectMapping: 0.036500 ms MarkObjects: 1.058400 ms  DeleteObjects: 0.010900 ms)

========================================================================
Received Import Request.
  Time since last request: 26.413184 seconds.
  path: Assets/Prefabs/TileWithWall.prefab
  artifactKey: Guid(72514e458df69a74aa86b79f5f302a2d) Importer(815301076,1909f56bfc062723c751e8b465ee728b)
Start importing Assets/Prefabs/TileWithWall.prefab using Guid(72514e458df69a74aa86b79f5f302a2d) Importer(815301076,1909f56bfc062723c751e8b465ee728b)  -> (artifact id: '256279bb7e28655ca8eeb1b2a34717d3') in 0.046025 seconds
  Import took 0.048037 seconds .

========================================================================
Received Prepare
Registering precompiled user dll's ...
Registered in 0.000469 seconds.
Begin MonoManager ReloadAssembly
Native extension for WindowsStandalone target not found
Native extension for WebGL target not found
Refreshing native plugins compatible for Editor in 0.19 ms, found 0 plugins.
Preloading 0 native plugins for Editor in 0.00 ms.
Mono: successfully reloaded assembly
- Completed reload, in  0.643 seconds
Platform modules already initialized, skipping
Refreshing native plugins compatible for Editor in 0.19 ms, found 0 plugins.
Preloading 0 native plugins for Editor in 0.00 ms.
Unloading 1217 Unused Serialized files (Serialized files now loaded: 0)
System memory in use before: 65.6 MB.
System memory in use after: 65.7 MB.

Unloading 4 unused Assets to reduce memory usage. Loaded Objects now: 1711.
Total: 1.205200 ms (FindLiveObjects: 0.104900 ms CreateObjectMapping: 0.030800 ms MarkObjects: 1.058600 ms  DeleteObjects: 0.010100 ms)

========================================================================
Received Import Request.
  Time since last request: 30.787962 seconds.
  path: Assets/Prefabs/TileWithWall.prefab
  artifactKey: Guid(72514e458df69a74aa86b79f5f302a2d) Importer(815301076,1909f56bfc062723c751e8b465ee728b)
Start importing Assets/Prefabs/TileWithWall.prefab using Guid(72514e458df69a74aa86b79f5f302a2d) Importer(815301076,1909f56bfc062723c751e8b465ee728b)  -> (artifact id: 'bf1707f706ba8353328ce90adcd5e389') in 0.039773 seconds
  Import took 0.041725 seconds .

========================================================================
Received Prepare
Registering precompiled user dll's ...
Registered in 0.000401 seconds.
Begin MonoManager ReloadAssembly
Native extension for WindowsStandalone target not found
Native extension for WebGL target not found
Refreshing native plugins compatible for Editor in 0.20 ms, found 0 plugins.
Preloading 0 native plugins for Editor in 0.00 ms.
Mono: successfully reloaded assembly
- Completed reload, in  0.621 seconds
Platform modules already initialized, skipping
Refreshing native plugins compatible for Editor in 0.23 ms, found 0 plugins.
Preloading 0 native plugins for Editor in 0.00 ms.
Unloading 1217 Unused Serialized files (Serialized files now loaded: 0)
System memory in use before: 65.6 MB.
System memory in use after: 65.7 MB.

Unloading 4 unused Assets to reduce memory usage. Loaded Objects now: 1715.
Total: 1.185100 ms (FindLiveObjects: 0.105500 ms CreateObjectMapping: 0.031400 ms MarkObjects: 1.037200 ms  DeleteObjects: 0.010200 ms)

========================================================================
Received Import Request.
  Time since last request: 148.941664 seconds.
  path: Assets/Prefabs/Tile.prefab
  artifactKey: Guid(bfc38634f1529c04ea431ede5ce55538) Importer(815301076,1909f56bfc062723c751e8b465ee728b)
Start importing Assets/Prefabs/Tile.prefab using Guid(bfc38634f1529c04ea431ede5ce55538) Importer(815301076,1909f56bfc062723c751e8b465ee728b)  -> (artifact id: '7e80fa593f4f39bb9ee76979afc59712') in 0.045276 seconds
  Import took 0.047638 seconds .

========================================================================
Received Import Request.
  Time since last request: 0.000144 seconds.
  path: Assets/Prefabs/TileWithWall.prefab
  artifactKey: Guid(72514e458df69a74aa86b79f5f302a2d) Importer(815301076,1909f56bfc062723c751e8b465ee728b)
Start importing Assets/Prefabs/TileWithWall.prefab using Guid(72514e458df69a74aa86b79f5f302a2d) Importer(815301076,1909f56bfc062723c751e8b465ee728b)  -> (artifact id: '6013424addfe2a78268cfdbcb725c7ba') in 0.006307 seconds
  Import took 0.008767 seconds .

========================================================================
Received Import Request.
  Time since last request: 9.039851 seconds.
  path: Assets/Prefabs/Tile.prefab
  artifactKey: Guid(bfc38634f1529c04ea431ede5ce55538) Importer(815301076,1909f56bfc062723c751e8b465ee728b)
Start importing Assets/Prefabs/Tile.prefab using Guid(bfc38634f1529c04ea431ede5ce55538) Importer(815301076,1909f56bfc062723c751e8b465ee728b)  -> (artifact id: '0cd1a54305a88d635e46c07f275f20e0') in 0.006603 seconds
  Import took 0.008383 seconds .

========================================================================
Received Prepare
Registering precompiled user dll's ...
Registered in 0.000426 seconds.
Begin MonoManager ReloadAssembly
Native extension for WindowsStandalone target not found
Native extension for WebGL target not found
Refreshing native plugins compatible for Editor in 0.19 ms, found 0 plugins.
Preloading 0 native plugins for Editor in 0.00 ms.
Mono: successfully reloaded assembly
- Completed reload, in  0.640 seconds
Platform modules already initialized, skipping
Refreshing native plugins compatible for Editor in 0.18 ms, found 0 plugins.
Preloading 0 native plugins for Editor in 0.00 ms.
Unloading 1217 Unused Serialized files (Serialized files now loaded: 0)
System memory in use before: 65.6 MB.
System memory in use after: 65.7 MB.

Unloading 4 unused Assets to reduce memory usage. Loaded Objects now: 1719.
Total: 1.156700 ms (FindLiveObjects: 0.109100 ms CreateObjectMapping: 0.033100 ms MarkObjects: 1.003900 ms  DeleteObjects: 0.010100 ms)

========================================================================
Received Prepare
Registering precompiled user dll's ...
Registered in 0.000467 seconds.
Begin MonoManager ReloadAssembly
Native extension for WindowsStandalone target not found
Native extension for WebGL target not found
Refreshing native plugins compatible for Editor in 0.21 ms, found 0 plugins.
Preloading 0 native plugins for Editor in 0.00 ms.
Mono: successfully reloaded assembly
- Completed reload, in  0.643 seconds
Platform modules already initialized, skipping
Refreshing native plugins compatible for Editor in 0.19 ms, found 0 plugins.
Preloading 0 native plugins for Editor in 0.00 ms.
Unloading 1217 Unused Serialized files (Serialized files now loaded: 0)
System memory in use before: 65.6 MB.
System memory in use after: 65.7 MB.

Unloading 4 unused Assets to reduce memory usage. Loaded Objects now: 1722.
Total: 1.319200 ms (FindLiveObjects: 0.114000 ms CreateObjectMapping: 0.035500 ms MarkObjects: 1.157700 ms  DeleteObjects: 0.011400 ms)

========================================================================
Received Prepare
Registering precompiled user dll's ...
Registered in 0.000464 seconds.
Begin MonoManager ReloadAssembly
Native extension for WindowsStandalone target not found
Native extension for WebGL target not found
Refreshing native plugins compatible for Editor in 0.18 ms, found 0 plugins.
Preloading 0 native plugins for Editor in 0.00 ms.
Mono: successfully reloaded assembly
- Completed reload, in  0.622 seconds
Platform modules already initialized, skipping
Refreshing native plugins compatible for Editor in 0.18 ms, found 0 plugins.
Preloading 0 native plugins for Editor in 0.00 ms.
Unloading 1218 Unused Serialized files (Serialized files now loaded: 0)
System memory in use before: 65.7 MB.
System memory in use after: 65.7 MB.

Unloading 4 unused Assets to reduce memory usage. Loaded Objects now: 1726.
Total: 1.183700 ms (FindLiveObjects: 0.120500 ms CreateObjectMapping: 0.040200 ms MarkObjects: 1.011700 ms  DeleteObjects: 0.010800 ms)

========================================================================
Received Prepare
Registering precompiled user dll's ...
Registered in 0.000719 seconds.
Begin MonoManager ReloadAssembly
Native extension for WindowsStandalone target not found
Native extension for WebGL target not found
Refreshing native plugins compatible for Editor in 0.19 ms, found 0 plugins.
Preloading 0 native plugins for Editor in 0.00 ms.
Mono: successfully reloaded assembly
- Completed reload, in  0.622 seconds
Platform modules already initialized, skipping
Refreshing native plugins compatible for Editor in 0.19 ms, found 0 plugins.
Preloading 0 native plugins for Editor in 0.00 ms.
Unloading 1218 Unused Serialized files (Serialized files now loaded: 0)
System memory in use before: 65.7 MB.
System memory in use after: 65.8 MB.

Unloading 4 unused Assets to reduce memory usage. Loaded Objects now: 1729.
Total: 1.186500 ms (FindLiveObjects: 0.108800 ms CreateObjectMapping: 0.032400 ms MarkObjects: 1.033900 ms  DeleteObjects: 0.010700 ms)

========================================================================
Received Prepare
Registering precompiled user dll's ...
Registered in 0.000419 seconds.
Begin MonoManager ReloadAssembly
Native extension for WindowsStandalone target not found
Native extension for WebGL target not found
Refreshing native plugins compatible for Editor in 0.19 ms, found 0 plugins.
Preloading 0 native plugins for Editor in 0.00 ms.
Mono: successfully reloaded assembly
- Completed reload, in  0.618 seconds
Platform modules already initialized, skipping
Refreshing native plugins compatible for Editor in 0.19 ms, found 0 plugins.
Preloading 0 native plugins for Editor in 0.00 ms.
Unloading 1218 Unused Serialized files (Serialized files now loaded: 0)
System memory in use before: 65.7 MB.
System memory in use after: 65.8 MB.

Unloading 4 unused Assets to reduce memory usage. Loaded Objects now: 1732.
Total: 1.166000 ms (FindLiveObjects: 0.107700 ms CreateObjectMapping: 0.031900 ms MarkObjects: 1.015600 ms  DeleteObjects: 0.010100 ms)

========================================================================
Received Prepare
Registering precompiled user dll's ...
Registered in 0.000476 seconds.
Begin MonoManager ReloadAssembly
Native extension for WindowsStandalone target not found
Native extension for WebGL target not found
Refreshing native plugins compatible for Editor in 0.19 ms, found 0 plugins.
Preloading 0 native plugins for Editor in 0.00 ms.
Mono: successfully reloaded assembly
- Completed reload, in  0.643 seconds
Platform modules already initialized, skipping
Refreshing native plugins compatible for Editor in 0.19 ms, found 0 plugins.
Preloading 0 native plugins for Editor in 0.00 ms.
Unloading 1218 Unused Serialized files (Serialized files now loaded: 0)
System memory in use before: 65.7 MB.
System memory in use after: 65.8 MB.

Unloading 4 unused Assets to reduce memory usage. Loaded Objects now: 1735.
Total: 1.206200 ms (FindLiveObjects: 0.114500 ms CreateObjectMapping: 0.032100 ms MarkObjects: 1.048300 ms  DeleteObjects: 0.010400 ms)

========================================================================
Received Prepare
Registering precompiled user dll's ...
Registered in 0.000433 seconds.
Begin MonoManager ReloadAssembly
Native extension for WindowsStandalone target not found
Native extension for WebGL target not found
Refreshing native plugins compatible for Editor in 0.18 ms, found 0 plugins.
Preloading 0 native plugins for Editor in 0.00 ms.
Mono: successfully reloaded assembly
- Completed reload, in  0.620 seconds
Platform modules already initialized, skipping
Refreshing native plugins compatible for Editor in 0.18 ms, found 0 plugins.
Preloading 0 native plugins for Editor in 0.00 ms.
Unloading 1218 Unused Serialized files (Serialized files now loaded: 0)
System memory in use before: 65.7 MB.
System memory in use after: 65.8 MB.

Unloading 4 unused Assets to reduce memory usage. Loaded Objects now: 1738.
Total: 1.215900 ms (FindLiveObjects: 0.109000 ms CreateObjectMapping: 0.034300 ms MarkObjects: 1.062300 ms  DeleteObjects: 0.009600 ms)

========================================================================
Received Prepare
Registering precompiled user dll's ...
Registered in 0.000470 seconds.
Begin MonoManager ReloadAssembly
Native extension for WindowsStandalone target not found
Native extension for WebGL target not found
Refreshing native plugins compatible for Editor in 0.19 ms, found 0 plugins.
Preloading 0 native plugins for Editor in 0.00 ms.
Mono: successfully reloaded assembly
- Completed reload, in  0.666 seconds
Platform modules already initialized, skipping
Refreshing native plugins compatible for Editor in 0.18 ms, found 0 plugins.
Preloading 0 native plugins for Editor in 0.00 ms.
Unloading 1218 Unused Serialized files (Serialized files now loaded: 0)
System memory in use before: 65.7 MB.
System memory in use after: 65.8 MB.

Unloading 4 unused Assets to reduce memory usage. Loaded Objects now: 1741.
Total: 1.143900 ms (FindLiveObjects: 0.108300 ms CreateObjectMapping: 0.031100 ms MarkObjects: 0.993200 ms  DeleteObjects: 0.010600 ms)

========================================================================
Received Prepare
Registering precompiled user dll's ...
Registered in 0.000424 seconds.
Begin MonoManager ReloadAssembly
Native extension for WindowsStandalone target not found
Native extension for WebGL target not found
Refreshing native plugins compatible for Editor in 0.19 ms, found 0 plugins.
Preloading 0 native plugins for Editor in 0.00 ms.
Mono: successfully reloaded assembly
- Completed reload, in  0.618 seconds
Platform modules already initialized, skipping
Refreshing native plugins compatible for Editor in 0.19 ms, found 0 plugins.
Preloading 0 native plugins for Editor in 0.00 ms.
Unloading 1218 Unused Serialized files (Serialized files now loaded: 0)
System memory in use before: 65.7 MB.
System memory in use after: 65.8 MB.

Unloading 4 unused Assets to reduce memory usage. Loaded Objects now: 1744.
Total: 1.244200 ms (FindLiveObjects: 0.098900 ms CreateObjectMapping: 0.026200 ms MarkObjects: 1.107000 ms  DeleteObjects: 0.011100 ms)

========================================================================
Received Prepare
Registering precompiled user dll's ...
Registered in 0.000427 seconds.
Begin MonoManager ReloadAssembly
Native extension for WindowsStandalone target not found
Native extension for WebGL target not found
Refreshing native plugins compatible for Editor in 0.18 ms, found 0 plugins.
Preloading 0 native plugins for Editor in 0.00 ms.
Mono: successfully reloaded assembly
- Completed reload, in  0.637 seconds
Platform modules already initialized, skipping
Refreshing native plugins compatible for Editor in 0.19 ms, found 0 plugins.
Preloading 0 native plugins for Editor in 0.00 ms.
Unloading 1218 Unused Serialized files (Serialized files now loaded: 0)
System memory in use before: 65.7 MB.
System memory in use after: 65.8 MB.

Unloading 4 unused Assets to reduce memory usage. Loaded Objects now: 1747.
Total: 1.218500 ms (FindLiveObjects: 0.110900 ms CreateObjectMapping: 0.032400 ms MarkObjects: 1.063200 ms  DeleteObjects: 0.011100 ms)

========================================================================
Received Prepare
Registering precompiled user dll's ...
Registered in 0.000458 seconds.
Begin MonoManager ReloadAssembly
Native extension for WindowsStandalone target not found
Native extension for WebGL target not found
Refreshing native plugins compatible for Editor in 0.19 ms, found 0 plugins.
Preloading 0 native plugins for Editor in 0.00 ms.
Mono: successfully reloaded assembly
- Completed reload, in  0.633 seconds
Platform modules already initialized, skipping
Refreshing native plugins compatible for Editor in 0.19 ms, found 0 plugins.
Preloading 0 native plugins for Editor in 0.00 ms.
Unloading 1218 Unused Serialized files (Serialized files now loaded: 0)
System memory in use before: 65.7 MB.
System memory in use after: 65.8 MB.

Unloading 4 unused Assets to reduce memory usage. Loaded Objects now: 1750.
Total: 1.217200 ms (FindLiveObjects: 0.110800 ms CreateObjectMapping: 0.035400 ms MarkObjects: 1.060400 ms  DeleteObjects: 0.009900 ms)

========================================================================
Received Prepare
Registering precompiled user dll's ...
Registered in 0.000464 seconds.
Begin MonoManager ReloadAssembly
Native extension for WindowsStandalone target not found
Native extension for WebGL target not found
Refreshing native plugins compatible for Editor in 0.19 ms, found 0 plugins.
Preloading 0 native plugins for Editor in 0.00 ms.
Mono: successfully reloaded assembly
- Completed reload, in  0.630 seconds
Platform modules already initialized, skipping
Refreshing native plugins compatible for Editor in 0.19 ms, found 0 plugins.
Preloading 0 native plugins for Editor in 0.00 ms.
Unloading 1218 Unused Serialized files (Serialized files now loaded: 0)
System memory in use before: 65.7 MB.
System memory in use after: 65.8 MB.

Unloading 4 unused Assets to reduce memory usage. Loaded Objects now: 1753.
Total: 1.186400 ms (FindLiveObjects: 0.118800 ms CreateObjectMapping: 0.032500 ms MarkObjects: 1.023300 ms  DeleteObjects: 0.011200 ms)

========================================================================
Received Prepare
Registering precompiled user dll's ...
Registered in 0.000444 seconds.
Begin MonoManager ReloadAssembly
Native extension for WindowsStandalone target not found
Native extension for WebGL target not found
Refreshing native plugins compatible for Editor in 0.19 ms, found 0 plugins.
Preloading 0 native plugins for Editor in 0.00 ms.
Mono: successfully reloaded assembly
- Completed reload, in  0.648 seconds
Platform modules already initialized, skipping
Refreshing native plugins compatible for Editor in 0.19 ms, found 0 plugins.
Preloading 0 native plugins for Editor in 0.00 ms.
Unloading 1218 Unused Serialized files (Serialized files now loaded: 0)
System memory in use before: 65.7 MB.
System memory in use after: 65.8 MB.

Unloading 4 unused Assets to reduce memory usage. Loaded Objects now: 1756.
Total: 1.159500 ms (FindLiveObjects: 0.110200 ms CreateObjectMapping: 0.034200 ms MarkObjects: 1.004200 ms  DeleteObjects: 0.010300 ms)

========================================================================
Received Prepare
Registering precompiled user dll's ...
Registered in 0.000457 seconds.
Begin MonoManager ReloadAssembly
Native extension for WindowsStandalone target not found
Native extension for WebGL target not found
Refreshing native plugins compatible for Editor in 0.20 ms, found 0 plugins.
Preloading 0 native plugins for Editor in 0.00 ms.
Mono: successfully reloaded assembly
- Completed reload, in  0.655 seconds
Platform modules already initialized, skipping
Refreshing native plugins compatible for Editor in 0.19 ms, found 0 plugins.
Preloading 0 native plugins for Editor in 0.00 ms.
Unloading 1218 Unused Serialized files (Serialized files now loaded: 0)
System memory in use before: 65.7 MB.
System memory in use after: 65.8 MB.

Unloading 4 unused Assets to reduce memory usage. Loaded Objects now: 1759.
Total: 1.315300 ms (FindLiveObjects: 0.125200 ms CreateObjectMapping: 0.035500 ms MarkObjects: 1.142400 ms  DeleteObjects: 0.011400 ms)

========================================================================
Received Prepare
Registering precompiled user dll's ...
Registered in 0.000404 seconds.
Begin MonoManager ReloadAssembly
Native extension for WindowsStandalone target not found
Native extension for WebGL target not found
Refreshing native plugins compatible for Editor in 0.19 ms, found 0 plugins.
Preloading 0 native plugins for Editor in 0.00 ms.
Mono: successfully reloaded assembly
- Completed reload, in  0.619 seconds
Platform modules already initialized, skipping
Refreshing native plugins compatible for Editor in 0.20 ms, found 0 plugins.
Preloading 0 native plugins for Editor in 0.00 ms.
Unloading 1218 Unused Serialized files (Serialized files now loaded: 0)
System memory in use before: 65.7 MB.
System memory in use after: 65.8 MB.

Unloading 4 unused Assets to reduce memory usage. Loaded Objects now: 1762.
Total: 1.220900 ms (FindLiveObjects: 0.114000 ms CreateObjectMapping: 0.032000 ms MarkObjects: 1.062500 ms  DeleteObjects: 0.011700 ms)

========================================================================
Received Import Request.
  Time since last request: 2538.308494 seconds.
  path: Assets/Prefabs/Player.prefab
  artifactKey: Guid(5c0afa589c20c39499765059cefeea4c) Importer(815301076,1909f56bfc062723c751e8b465ee728b)
Start importing Assets/Prefabs/Player.prefab using Guid(5c0afa589c20c39499765059cefeea4c) Importer(815301076,1909f56bfc062723c751e8b465ee728b)  -> (artifact id: 'e06229e876cebcd219d16ebc8b51820c') in 0.053090 seconds
  Import took 0.054990 seconds .

========================================================================
Received Prepare
Registering precompiled user dll's ...
Registered in 0.000945 seconds.
Begin MonoManager ReloadAssembly
Native extension for WindowsStandalone target not found
Native extension for WebGL target not found
Refreshing native plugins compatible for Editor in 0.19 ms, found 0 plugins.
Preloading 0 native plugins for Editor in 0.00 ms.
Mono: successfully reloaded assembly
- Completed reload, in  0.667 seconds
Platform modules already initialized, skipping
Refreshing native plugins compatible for Editor in 0.19 ms, found 0 plugins.
Preloading 0 native plugins for Editor in 0.00 ms.
Unloading 1219 Unused Serialized files (Serialized files now loaded: 0)
System memory in use before: 65.8 MB.
System memory in use after: 65.8 MB.

Unloading 4 unused Assets to reduce memory usage. Loaded Objects now: 1767.
Total: 1.219900 ms (FindLiveObjects: 0.113300 ms CreateObjectMapping: 0.031900 ms MarkObjects: 1.061300 ms  DeleteObjects: 0.012500 ms)

========================================================================
Received Prepare
Registering precompiled user dll's ...
Registered in 0.000443 seconds.
Begin MonoManager ReloadAssembly
Native extension for WindowsStandalone target not found
Native extension for WebGL target not found
Refreshing native plugins compatible for Editor in 0.20 ms, found 0 plugins.
Preloading 0 native plugins for Editor in 0.00 ms.
Mono: successfully reloaded assembly
- Completed reload, in  0.658 seconds
Platform modules already initialized, skipping
Refreshing native plugins compatible for Editor in 0.18 ms, found 0 plugins.
Preloading 0 native plugins for Editor in 0.00 ms.
Unloading 1219 Unused Serialized files (Serialized files now loaded: 0)
System memory in use before: 65.8 MB.
System memory in use after: 65.9 MB.

Unloading 4 unused Assets to reduce memory usage. Loaded Objects now: 1770.
Total: 1.216000 ms (FindLiveObjects: 0.110100 ms CreateObjectMapping: 0.032400 ms MarkObjects: 1.062400 ms  DeleteObjects: 0.010500 ms)

========================================================================
Received Import Request.
  Time since last request: 139.738001 seconds.
  path: Assets/Prefabs/EyeOfTheBeholder.prefab
  artifactKey: Guid(3f64008d9d566c748a920ffafe7f6a59) Importer(815301076,1909f56bfc062723c751e8b465ee728b)
Start importing Assets/Prefabs/EyeOfTheBeholder.prefab using Guid(3f64008d9d566c748a920ffafe7f6a59) Importer(815301076,1909f56bfc062723c751e8b465ee728b)  -> (artifact id: '00168958b14fcfc5b9793722bf089eb5') in 0.059107 seconds
  Import took 0.061896 seconds .

========================================================================
Received Prepare
Registering precompiled user dll's ...
Registered in 0.000462 seconds.
Begin MonoManager ReloadAssembly
Native extension for WindowsStandalone target not found
Native extension for WebGL target not found
Refreshing native plugins compatible for Editor in 0.19 ms, found 0 plugins.
Preloading 0 native plugins for Editor in 0.00 ms.
Mono: successfully reloaded assembly
- Completed reload, in  0.645 seconds
Platform modules already initialized, skipping
Refreshing native plugins compatible for Editor in 0.18 ms, found 0 plugins.
Preloading 0 native plugins for Editor in 0.00 ms.
Unloading 1219 Unused Serialized files (Serialized files now loaded: 0)
System memory in use before: 65.9 MB.
System memory in use after: 66.0 MB.

Unloading 4 unused Assets to reduce memory usage. Loaded Objects now: 1775.
Total: 1.370900 ms (FindLiveObjects: 0.109500 ms CreateObjectMapping: 0.031100 ms MarkObjects: 1.218500 ms  DeleteObjects: 0.010900 ms)

========================================================================
Received Prepare
Registering precompiled user dll's ...
Registered in 0.000445 seconds.
Begin MonoManager ReloadAssembly
Native extension for WindowsStandalone target not found
Native extension for WebGL target not found
Refreshing native plugins compatible for Editor in 0.19 ms, found 0 plugins.
Preloading 0 native plugins for Editor in 0.00 ms.
Mono: successfully reloaded assembly
- Completed reload, in  0.624 seconds
Platform modules already initialized, skipping
Refreshing native plugins compatible for Editor in 0.24 ms, found 0 plugins.
Preloading 0 native plugins for Editor in 0.00 ms.
Unloading 1219 Unused Serialized files (Serialized files now loaded: 0)
System memory in use before: 65.9 MB.
System memory in use after: 66.0 MB.

Unloading 4 unused Assets to reduce memory usage. Loaded Objects now: 1778.
Total: 1.268700 ms (FindLiveObjects: 0.125300 ms CreateObjectMapping: 0.036000 ms MarkObjects: 1.095300 ms  DeleteObjects: 0.011200 ms)

========================================================================
Received Import Request.
  Time since last request: 88.773417 seconds.
  path: Assets/Prefabs/EyeOfTheBeholder.prefab
  artifactKey: Guid(3f64008d9d566c748a920ffafe7f6a59) Importer(815301076,1909f56bfc062723c751e8b465ee728b)
Start importing Assets/Prefabs/EyeOfTheBeholder.prefab using Guid(3f64008d9d566c748a920ffafe7f6a59) Importer(815301076,1909f56bfc062723c751e8b465ee728b)  -> (artifact id: 'd6c0e9f2b20d8197ddaa8af0eda616e0') in 0.049855 seconds
  Import took 0.052433 seconds .

========================================================================
Received Prepare
Registering precompiled user dll's ...
Registered in 0.000485 seconds.
Begin MonoManager ReloadAssembly
Native extension for WindowsStandalone target not found
Native extension for WebGL target not found
Refreshing native plugins compatible for Editor in 0.20 ms, found 0 plugins.
Preloading 0 native plugins for Editor in 0.00 ms.
Mono: successfully reloaded assembly
- Completed reload, in  0.636 seconds
Platform modules already initialized, skipping
Refreshing native plugins compatible for Editor in 0.20 ms, found 0 plugins.
Preloading 0 native plugins for Editor in 0.00 ms.
Unloading 1219 Unused Serialized files (Serialized files now loaded: 0)
System memory in use before: 65.9 MB.
System memory in use after: 66.0 MB.

Unloading 4 unused Assets to reduce memory usage. Loaded Objects now: 1782.
Total: 1.214100 ms (FindLiveObjects: 0.112400 ms CreateObjectMapping: 0.031900 ms MarkObjects: 1.058900 ms  DeleteObjects: 0.010200 ms)

========================================================================
Received Prepare
Registering precompiled user dll's ...
Registered in 0.000450 seconds.
Begin MonoManager ReloadAssembly
Native extension for WindowsStandalone target not found
Native extension for WebGL target not found
Refreshing native plugins compatible for Editor in 0.19 ms, found 0 plugins.
Preloading 0 native plugins for Editor in 0.00 ms.
Mono: successfully reloaded assembly
- Completed reload, in  0.643 seconds
Platform modules already initialized, skipping
Refreshing native plugins compatible for Editor in 0.19 ms, found 0 plugins.
Preloading 0 native plugins for Editor in 0.00 ms.
Unloading 1219 Unused Serialized files (Serialized files now loaded: 0)
System memory in use before: 65.9 MB.
System memory in use after: 66.0 MB.

Unloading 4 unused Assets to reduce memory usage. Loaded Objects now: 1785.
Total: 1.250500 ms (FindLiveObjects: 0.119600 ms CreateObjectMapping: 0.033800 ms MarkObjects: 1.085500 ms  DeleteObjects: 0.010700 ms)

========================================================================
Received Prepare
Registering precompiled user dll's ...
Registered in 0.000468 seconds.
Begin MonoManager ReloadAssembly
Native extension for WindowsStandalone target not found
Native extension for WebGL target not found
Refreshing native plugins compatible for Editor in 0.19 ms, found 0 plugins.
Preloading 0 native plugins for Editor in 0.00 ms.
Mono: successfully reloaded assembly
- Completed reload, in  0.628 seconds
Platform modules already initialized, skipping
Refreshing native plugins compatible for Editor in 0.19 ms, found 0 plugins.
Preloading 0 native plugins for Editor in 0.00 ms.
Unloading 1219 Unused Serialized files (Serialized files now loaded: 0)
System memory in use before: 65.9 MB.
System memory in use after: 66.0 MB.

Unloading 4 unused Assets to reduce memory usage. Loaded Objects now: 1788.
Total: 1.226300 ms (FindLiveObjects: 0.106800 ms CreateObjectMapping: 0.031600 ms MarkObjects: 1.077100 ms  DeleteObjects: 0.010100 ms)

========================================================================
Received Prepare
Registering precompiled user dll's ...
Registered in 0.000451 seconds.
Begin MonoManager ReloadAssembly
Native extension for WindowsStandalone target not found
Native extension for WebGL target not found
Refreshing native plugins compatible for Editor in 0.19 ms, found 0 plugins.
Preloading 0 native plugins for Editor in 0.00 ms.
Mono: successfully reloaded assembly
- Completed reload, in  0.699 seconds
Platform modules already initialized, skipping
Refreshing native plugins compatible for Editor in 0.19 ms, found 0 plugins.
Preloading 0 native plugins for Editor in 0.00 ms.
Unloading 1220 Unused Serialized files (Serialized files now loaded: 0)
System memory in use before: 65.9 MB.
System memory in use after: 66.0 MB.

Unloading 4 unused Assets to reduce memory usage. Loaded Objects now: 1792.
Total: 1.334500 ms (FindLiveObjects: 0.136900 ms CreateObjectMapping: 0.035400 ms MarkObjects: 1.148900 ms  DeleteObjects: 0.012100 ms)

========================================================================
Received Import Request.
  Time since last request: 5631.539235 seconds.
  path: Assets/Images/beholder.jpg
  artifactKey: Guid(7b08dd5595d48fb409e9a3ca1d9a6967) Importer(815301076,1909f56bfc062723c751e8b465ee728b)
Start importing Assets/Images/beholder.jpg using Guid(7b08dd5595d48fb409e9a3ca1d9a6967) Importer(815301076,1909f56bfc062723c751e8b465ee728b)  -> (artifact id: '975dafdbc23419fd2b153e8a6fcd8094') in 0.075741 seconds
  Import took 0.079072 seconds .

========================================================================
Received Import Request.
  Time since last request: 8.378273 seconds.
  path: Assets/Images/beholder.jpg
  artifactKey: Guid(7b08dd5595d48fb409e9a3ca1d9a6967) Importer(815301076,1909f56bfc062723c751e8b465ee728b)
Start importing Assets/Images/beholder.jpg using Guid(7b08dd5595d48fb409e9a3ca1d9a6967) Importer(815301076,1909f56bfc062723c751e8b465ee728b)  -> (artifact id: 'd0b119aa8ab5da99c954763eac0efd79') in 0.025055 seconds
  Import took 0.027077 seconds .

========================================================================
Received Import Request.
  Time since last request: 44.829204 seconds.
  path: Assets/Prefabs/EyeOfTheBeholder.prefab
  artifactKey: Guid(3f64008d9d566c748a920ffafe7f6a59) Importer(815301076,1909f56bfc062723c751e8b465ee728b)
Start importing Assets/Prefabs/EyeOfTheBeholder.prefab using Guid(3f64008d9d566c748a920ffafe7f6a59) Importer(815301076,1909f56bfc062723c751e8b465ee728b)  -> (artifact id: 'be1ca8f639aa3310eb71743c3f8da724') in 0.056450 seconds
  Import took 0.058458 seconds .

========================================================================
Received Import Request.
  Time since last request: 0.001055 seconds.
  path: Assets/Prefabs/EyeOfTheBeholder.prefab
  artifactKey: Guid(3f64008d9d566c748a920ffafe7f6a59) Importer(815301076,1909f56bfc062723c751e8b465ee728b)
Start importing Assets/Prefabs/EyeOfTheBeholder.prefab using Guid(3f64008d9d566c748a920ffafe7f6a59) Importer(815301076,1909f56bfc062723c751e8b465ee728b)  -> (artifact id: 'be1ca8f639aa3310eb71743c3f8da724') in 0.013360 seconds
  Import took 0.015413 seconds .

========================================================================
Received Import Request.
  Time since last request: 426.980943 seconds.
  path: Assets/Prefabs/EyeOfTheBeholder.prefab
  artifactKey: Guid(3f64008d9d566c748a920ffafe7f6a59) Importer(815301076,1909f56bfc062723c751e8b465ee728b)
Start importing Assets/Prefabs/EyeOfTheBeholder.prefab using Guid(3f64008d9d566c748a920ffafe7f6a59) Importer(815301076,1909f56bfc062723c751e8b465ee728b)  -> (artifact id: '1cfa8f039bd190bd78c34ba21870aaed') in 0.014733 seconds
  Import took 0.017209 seconds .

========================================================================
Received Import Request.
  Time since last request: 22.038696 seconds.
  path: Assets/Prefabs/EyeOfTheBeholder.prefab
  artifactKey: Guid(3f64008d9d566c748a920ffafe7f6a59) Importer(815301076,1909f56bfc062723c751e8b465ee728b)
Start importing Assets/Prefabs/EyeOfTheBeholder.prefab using Guid(3f64008d9d566c748a920ffafe7f6a59) Importer(815301076,1909f56bfc062723c751e8b465ee728b)  -> (artifact id: 'a45909b133fcf26d02bb5dddb14e3b66') in 0.012942 seconds
  Import took 0.015151 seconds .

========================================================================
Received Import Request.
  Time since last request: 17.335663 seconds.
  path: Assets/Prefabs/EyeOfTheBeholder.prefab
  artifactKey: Guid(3f64008d9d566c748a920ffafe7f6a59) Importer(815301076,1909f56bfc062723c751e8b465ee728b)
Start importing Assets/Prefabs/EyeOfTheBeholder.prefab using Guid(3f64008d9d566c748a920ffafe7f6a59) Importer(815301076,1909f56bfc062723c751e8b465ee728b)  -> (artifact id: 'a2f96796c7d9f8cf8788dc3bd9663c7a') in 0.014100 seconds
  Import took 0.016162 seconds .

========================================================================
Received Prepare
Registering precompiled user dll's ...
Registered in 0.000479 seconds.
Begin MonoManager ReloadAssembly
Native extension for WindowsStandalone target not found
Native extension for WebGL target not found
Refreshing native plugins compatible for Editor in 0.20 ms, found 0 plugins.
Preloading 0 native plugins for Editor in 0.00 ms.
Mono: successfully reloaded assembly
- Completed reload, in  0.755 seconds
Platform modules already initialized, skipping
Refreshing native plugins compatible for Editor in 0.34 ms, found 0 plugins.
Preloading 0 native plugins for Editor in 0.00 ms.
Unloading 1220 Unused Serialized files (Serialized files now loaded: 0)
System memory in use before: 65.9 MB.
System memory in use after: 66.0 MB.

Unloading 4 unused Assets to reduce memory usage. Loaded Objects now: 1800.
Total: 1.528900 ms (FindLiveObjects: 0.133400 ms CreateObjectMapping: 0.034600 ms MarkObjects: 1.347800 ms  DeleteObjects: 0.012100 ms)

========================================================================
Received Prepare
Registering precompiled user dll's ...
Registered in 0.000439 seconds.
Begin MonoManager ReloadAssembly
Native extension for WindowsStandalone target not found
Native extension for WebGL target not found
Refreshing native plugins compatible for Editor in 0.19 ms, found 0 plugins.
Preloading 0 native plugins for Editor in 0.00 ms.
Mono: successfully reloaded assembly
- Completed reload, in  0.742 seconds
Platform modules already initialized, skipping
Refreshing native plugins compatible for Editor in 0.19 ms, found 0 plugins.
Preloading 0 native plugins for Editor in 0.00 ms.
Unloading 1220 Unused Serialized files (Serialized files now loaded: 0)
System memory in use before: 65.9 MB.
System memory in use after: 66.0 MB.

Unloading 4 unused Assets to reduce memory usage. Loaded Objects now: 1803.
Total: 1.224200 ms (FindLiveObjects: 0.117900 ms CreateObjectMapping: 0.032800 ms MarkObjects: 1.062700 ms  DeleteObjects: 0.010100 ms)

========================================================================
Received Prepare
Registering precompiled user dll's ...
Registered in 0.000412 seconds.
Begin MonoManager ReloadAssembly
Native extension for WindowsStandalone target not found
Native extension for WebGL target not found
Refreshing native plugins compatible for Editor in 0.29 ms, found 0 plugins.
Preloading 0 native plugins for Editor in 0.00 ms.
Mono: successfully reloaded assembly
- Completed reload, in  0.628 seconds
Platform modules already initialized, skipping
Refreshing native plugins compatible for Editor in 0.19 ms, found 0 plugins.
Preloading 0 native plugins for Editor in 0.00 ms.
Unloading 1220 Unused Serialized files (Serialized files now loaded: 0)
System memory in use before: 65.9 MB.
System memory in use after: 66.0 MB.

Unloading 4 unused Assets to reduce memory usage. Loaded Objects now: 1806.
Total: 1.197700 ms (FindLiveObjects: 0.118800 ms CreateObjectMapping: 0.032100 ms MarkObjects: 1.036000 ms  DeleteObjects: 0.010100 ms)

========================================================================
Received Prepare
Registering precompiled user dll's ...
Registered in 0.000606 seconds.
Begin MonoManager ReloadAssembly
Native extension for WindowsStandalone target not found
Native extension for WebGL target not found
Refreshing native plugins compatible for Editor in 0.18 ms, found 0 plugins.
Preloading 0 native plugins for Editor in 0.00 ms.
Mono: successfully reloaded assembly
- Completed reload, in  0.602 seconds
Platform modules already initialized, skipping
Refreshing native plugins compatible for Editor in 0.23 ms, found 0 plugins.
Preloading 0 native plugins for Editor in 0.00 ms.
Unloading 1220 Unused Serialized files (Serialized files now loaded: 0)
System memory in use before: 66.0 MB.
System memory in use after: 66.0 MB.

Unloading 4 unused Assets to reduce memory usage. Loaded Objects now: 1809.
Total: 1.164300 ms (FindLiveObjects: 0.105600 ms CreateObjectMapping: 0.028400 ms MarkObjects: 1.019500 ms  DeleteObjects: 0.010200 ms)

========================================================================
Received Prepare
Registering precompiled user dll's ...
Registered in 0.000417 seconds.
Begin MonoManager ReloadAssembly
Native extension for WindowsStandalone target not found
Native extension for WebGL target not found
Refreshing native plugins compatible for Editor in 0.26 ms, found 0 plugins.
Preloading 0 native plugins for Editor in 0.00 ms.
Mono: successfully reloaded assembly
- Completed reload, in  0.609 seconds
Platform modules already initialized, skipping
Refreshing native plugins compatible for Editor in 0.18 ms, found 0 plugins.
Preloading 0 native plugins for Editor in 0.00 ms.
Unloading 1220 Unused Serialized files (Serialized files now loaded: 0)
System memory in use before: 66.0 MB.
System memory in use after: 66.1 MB.

Unloading 4 unused Assets to reduce memory usage. Loaded Objects now: 1812.
Total: 1.182000 ms (FindLiveObjects: 0.113400 ms CreateObjectMapping: 0.030700 ms MarkObjects: 1.026800 ms  DeleteObjects: 0.010500 ms)

========================================================================
Received Import Request.
  Time since last request: 321.551488 seconds.
  path: Assets/Prefabs/EyeOfTheBeholder 1.prefab
  artifactKey: Guid(fe54408ce5a044042b2d29538a176ffe) Importer(815301076,1909f56bfc062723c751e8b465ee728b)
Start importing Assets/Prefabs/EyeOfTheBeholder 1.prefab using Guid(fe54408ce5a044042b2d29538a176ffe) Importer(815301076,1909f56bfc062723c751e8b465ee728b)  -> (artifact id: '88436601559014454135ec0f91e5eeb5') in 0.060320 seconds
  Import took 0.062439 seconds .

========================================================================
Received Import Request.
  Time since last request: 14.388020 seconds.
  path: Assets/Prefabs/Blob.prefab
  artifactKey: Guid(fe54408ce5a044042b2d29538a176ffe) Importer(815301076,1909f56bfc062723c751e8b465ee728b)
Start importing Assets/Prefabs/Blob.prefab using Guid(fe54408ce5a044042b2d29538a176ffe) Importer(815301076,1909f56bfc062723c751e8b465ee728b)  -> (artifact id: '99ff4c734786cdcb8b79e15feb7852ea') in 0.012815 seconds
  Import took 0.014993 seconds .

========================================================================
Received Import Request.
  Time since last request: 26.391586 seconds.
  path: Assets/Prefabs/Blob.prefab
  artifactKey: Guid(fe54408ce5a044042b2d29538a176ffe) Importer(815301076,1909f56bfc062723c751e8b465ee728b)
Start importing Assets/Prefabs/Blob.prefab using Guid(fe54408ce5a044042b2d29538a176ffe) Importer(815301076,1909f56bfc062723c751e8b465ee728b)  -> (artifact id: 'dd4fb96f721a6129f9e6d6b9b75713c6') in 0.026249 seconds
  Import took 0.028247 seconds .

========================================================================
Received Import Request.
  Time since last request: 74.724333 seconds.
  path: Assets/Images/Blob.jpg
  artifactKey: Guid(c9abcd7d391aaef4c80ca2a14a465af7) Importer(815301076,1909f56bfc062723c751e8b465ee728b)
Start importing Assets/Images/Blob.jpg using Guid(c9abcd7d391aaef4c80ca2a14a465af7) Importer(815301076,1909f56bfc062723c751e8b465ee728b)  -> (artifact id: '2dda08872b88c94dc069d57b8de3dcf2') in 0.015718 seconds
  Import took 0.018497 seconds .

========================================================================
Received Import Request.
  Time since last request: 12.447325 seconds.
  path: Assets/Images/Blob.jpg
  artifactKey: Guid(c9abcd7d391aaef4c80ca2a14a465af7) Importer(815301076,1909f56bfc062723c751e8b465ee728b)
Start importing Assets/Images/Blob.jpg using Guid(c9abcd7d391aaef4c80ca2a14a465af7) Importer(815301076,1909f56bfc062723c751e8b465ee728b)  -> (artifact id: '3c78f75988d96b7bc13d85672780fec2') in 0.020693 seconds
  Import took 0.022813 seconds .

========================================================================
Received Import Request.
  Time since last request: 0.001342 seconds.
  path: Assets/Images/Blob.jpg
  artifactKey: Guid(c9abcd7d391aaef4c80ca2a14a465af7) Importer(815301076,1909f56bfc062723c751e8b465ee728b)
Start importing Assets/Images/Blob.jpg using Guid(c9abcd7d391aaef4c80ca2a14a465af7) Importer(815301076,1909f56bfc062723c751e8b465ee728b)  -> (artifact id: '3c78f75988d96b7bc13d85672780fec2') in 0.016535 seconds
  Import took 0.018344 seconds .

========================================================================
Received Import Request.
  Time since last request: 0.812124 seconds.
  path: Assets/Prefabs/Blob.prefab
  artifactKey: Guid(fe54408ce5a044042b2d29538a176ffe) Importer(815301076,1909f56bfc062723c751e8b465ee728b)
Start importing Assets/Prefabs/Blob.prefab using Guid(fe54408ce5a044042b2d29538a176ffe) Importer(815301076,1909f56bfc062723c751e8b465ee728b)  -> (artifact id: 'c19e143d37711ff5cef6e7e23cf62d14') in 0.007907 seconds
  Import took 0.010470 seconds .

========================================================================
Received Prepare
Registering precompiled user dll's ...
Registered in 0.000535 seconds.
Begin MonoManager ReloadAssembly
Native extension for WindowsStandalone target not found
Native extension for WebGL target not found
Refreshing native plugins compatible for Editor in 0.22 ms, found 0 plugins.
Preloading 0 native plugins for Editor in 0.00 ms.
Mono: successfully reloaded assembly
- Completed reload, in  0.646 seconds
Platform modules already initialized, skipping
Refreshing native plugins compatible for Editor in 0.18 ms, found 0 plugins.
Preloading 0 native plugins for Editor in 0.00 ms.
Unloading 1220 Unused Serialized files (Serialized files now loaded: 0)
System memory in use before: 66.0 MB.
System memory in use after: 66.1 MB.

Unloading 4 unused Assets to reduce memory usage. Loaded Objects now: 1818.
Total: 1.254600 ms (FindLiveObjects: 0.113300 ms CreateObjectMapping: 0.031400 ms MarkObjects: 1.098900 ms  DeleteObjects: 0.010400 ms)

========================================================================
Received Prepare
Registering precompiled user dll's ...
Registered in 0.000434 seconds.
Begin MonoManager ReloadAssembly
Native extension for WindowsStandalone target not found
Native extension for WebGL target not found
Refreshing native plugins compatible for Editor in 0.28 ms, found 0 plugins.
Preloading 0 native plugins for Editor in 0.00 ms.
Mono: successfully reloaded assembly
- Completed reload, in  0.632 seconds
Platform modules already initialized, skipping
Refreshing native plugins compatible for Editor in 0.23 ms, found 0 plugins.
Preloading 0 native plugins for Editor in 0.00 ms.
Unloading 1220 Unused Serialized files (Serialized files now loaded: 0)
System memory in use before: 66.0 MB.
System memory in use after: 66.1 MB.

Unloading 4 unused Assets to reduce memory usage. Loaded Objects now: 1821.
Total: 1.284600 ms (FindLiveObjects: 0.123600 ms CreateObjectMapping: 0.032100 ms MarkObjects: 1.116700 ms  DeleteObjects: 0.011400 ms)

========================================================================
Received Prepare
Registering precompiled user dll's ...
Registered in 0.000424 seconds.
Begin MonoManager ReloadAssembly
Native extension for WindowsStandalone target not found
Native extension for WebGL target not found
Refreshing native plugins compatible for Editor in 0.19 ms, found 0 plugins.
Preloading 0 native plugins for Editor in 0.00 ms.
Mono: successfully reloaded assembly
- Completed reload, in  0.667 seconds
Platform modules already initialized, skipping
Refreshing native plugins compatible for Editor in 0.19 ms, found 0 plugins.
Preloading 0 native plugins for Editor in 0.00 ms.
Unloading 1220 Unused Serialized files (Serialized files now loaded: 0)
System memory in use before: 66.0 MB.
System memory in use after: 66.1 MB.

Unloading 4 unused Assets to reduce memory usage. Loaded Objects now: 1824.
Total: 1.296100 ms (FindLiveObjects: 0.121600 ms CreateObjectMapping: 0.033000 ms MarkObjects: 1.129100 ms  DeleteObjects: 0.011500 ms)

========================================================================
Received Prepare
Registering precompiled user dll's ...
Registered in 0.000468 seconds.
Begin MonoManager ReloadAssembly
Native extension for WindowsStandalone target not found
Native extension for WebGL target not found
Refreshing native plugins compatible for Editor in 0.19 ms, found 0 plugins.
Preloading 0 native plugins for Editor in 0.00 ms.
Mono: successfully reloaded assembly
- Completed reload, in  0.659 seconds
Platform modules already initialized, skipping
Refreshing native plugins compatible for Editor in 0.19 ms, found 0 plugins.
Preloading 0 native plugins for Editor in 0.00 ms.
Unloading 1220 Unused Serialized files (Serialized files now loaded: 0)
System memory in use before: 66.0 MB.
System memory in use after: 66.1 MB.

Unloading 4 unused Assets to reduce memory usage. Loaded Objects now: 1827.
Total: 1.237800 ms (FindLiveObjects: 0.113500 ms CreateObjectMapping: 0.031400 ms MarkObjects: 1.082500 ms  DeleteObjects: 0.009700 ms)

========================================================================
Received Prepare
Registering precompiled user dll's ...
Registered in 0.000443 seconds.
Begin MonoManager ReloadAssembly
Native extension for WindowsStandalone target not found
Native extension for WebGL target not found
Refreshing native plugins compatible for Editor in 0.19 ms, found 0 plugins.
Preloading 0 native plugins for Editor in 0.00 ms.
Mono: successfully reloaded assembly
- Completed reload, in  0.653 seconds
Platform modules already initialized, skipping
Refreshing native plugins compatible for Editor in 0.20 ms, found 0 plugins.
Preloading 0 native plugins for Editor in 0.00 ms.
Unloading 1220 Unused Serialized files (Serialized files now loaded: 0)
System memory in use before: 66.0 MB.
System memory in use after: 66.1 MB.

Unloading 4 unused Assets to reduce memory usage. Loaded Objects now: 1830.
Total: 1.260400 ms (FindLiveObjects: 0.122400 ms CreateObjectMapping: 0.032800 ms MarkObjects: 1.091900 ms  DeleteObjects: 0.012000 ms)

========================================================================
Received Prepare
Registering precompiled user dll's ...
Registered in 0.000434 seconds.
Begin MonoManager ReloadAssembly
Native extension for WindowsStandalone target not found
Native extension for WebGL target not found
Refreshing native plugins compatible for Editor in 0.19 ms, found 0 plugins.
Preloading 0 native plugins for Editor in 0.00 ms.
Mono: successfully reloaded assembly
- Completed reload, in  0.620 seconds
Platform modules already initialized, skipping
Refreshing native plugins compatible for Editor in 0.19 ms, found 0 plugins.
Preloading 0 native plugins for Editor in 0.00 ms.
Unloading 1220 Unused Serialized files (Serialized files now loaded: 0)
System memory in use before: 66.0 MB.
System memory in use after: 66.1 MB.

Unloading 4 unused Assets to reduce memory usage. Loaded Objects now: 1833.
Total: 1.380200 ms (FindLiveObjects: 0.247600 ms CreateObjectMapping: 0.047200 ms MarkObjects: 1.074500 ms  DeleteObjects: 0.010400 ms)

========================================================================
Received Prepare
Registering precompiled user dll's ...
Registered in 0.000451 seconds.
Begin MonoManager ReloadAssembly
Native extension for WindowsStandalone target not found
Native extension for WebGL target not found
Refreshing native plugins compatible for Editor in 0.19 ms, found 0 plugins.
Preloading 0 native plugins for Editor in 0.00 ms.
Mono: successfully reloaded assembly
- Completed reload, in  0.636 seconds
Platform modules already initialized, skipping
Refreshing native plugins compatible for Editor in 0.19 ms, found 0 plugins.
Preloading 0 native plugins for Editor in 0.00 ms.
Unloading 1220 Unused Serialized files (Serialized files now loaded: 0)
System memory in use before: 66.0 MB.
System memory in use after: 66.1 MB.

Unloading 4 unused Assets to reduce memory usage. Loaded Objects now: 1836.
Total: 1.183800 ms (FindLiveObjects: 0.118400 ms CreateObjectMapping: 0.035300 ms MarkObjects: 1.019000 ms  DeleteObjects: 0.010100 ms)

========================================================================
Received Prepare
Registering precompiled user dll's ...
Registered in 0.000429 seconds.
Begin MonoManager ReloadAssembly
Native extension for WindowsStandalone target not found
Native extension for WebGL target not found
Refreshing native plugins compatible for Editor in 0.24 ms, found 0 plugins.
Preloading 0 native plugins for Editor in 0.00 ms.
Mono: successfully reloaded assembly
- Completed reload, in  0.697 seconds
Platform modules already initialized, skipping
Refreshing native plugins compatible for Editor in 0.30 ms, found 0 plugins.
Preloading 0 native plugins for Editor in 0.00 ms.
Unloading 1220 Unused Serialized files (Serialized files now loaded: 0)
System memory in use before: 66.0 MB.
System memory in use after: 66.1 MB.

Unloading 4 unused Assets to reduce memory usage. Loaded Objects now: 1839.
Total: 1.250200 ms (FindLiveObjects: 0.122000 ms CreateObjectMapping: 0.034600 ms MarkObjects: 1.082400 ms  DeleteObjects: 0.010500 ms)

========================================================================
Received Import Request.
  Time since last request: 1347.251654 seconds.
  path: Assets/Prefabs/Player.prefab
  artifactKey: Guid(5c0afa589c20c39499765059cefeea4c) Importer(815301076,1909f56bfc062723c751e8b465ee728b)
Start importing Assets/Prefabs/Player.prefab using Guid(5c0afa589c20c39499765059cefeea4c) Importer(815301076,1909f56bfc062723c751e8b465ee728b)  -> (artifact id: 'fecb6f3a7d71f369a8a3f3ea42cca0f6') in 0.086356 seconds
  Import took 0.088266 seconds .

========================================================================
Received Import Request.
  Time since last request: 36.025966 seconds.
  path: Assets/CastableMonster.cs
  artifactKey: Guid(e40e579fe90376b41953ec90d4719fd3) Importer(815301076,1909f56bfc062723c751e8b465ee728b)
Start importing Assets/CastableMonster.cs using Guid(e40e579fe90376b41953ec90d4719fd3) Importer(815301076,1909f56bfc062723c751e8b465ee728b)  -> (artifact id: '74de65ef41863ad9b1fbeb9921888b5b') in 0.005986 seconds
  Import took 0.008056 seconds .

========================================================================
Received Import Request.
  Time since last request: 0.984436 seconds.
  path: Assets/GameManager.cs
  artifactKey: Guid(ccf32d169c838b341a58f54dbd63956b) Importer(815301076,1909f56bfc062723c751e8b465ee728b)
Start importing Assets/GameManager.cs using Guid(ccf32d169c838b341a58f54dbd63956b) Importer(815301076,1909f56bfc062723c751e8b465ee728b)  -> (artifact id: '027c8b18175b8c0e5162c74d6e1ea421') in 0.005056 seconds
  Import took 0.007118 seconds .

========================================================================
Received Import Request.
  Time since last request: 0.000426 seconds.
  path: Assets/GameManager.cs
  artifactKey: Guid(ccf32d169c838b341a58f54dbd63956b) Importer(815301076,1909f56bfc062723c751e8b465ee728b)
Start importing Assets/GameManager.cs using Guid(ccf32d169c838b341a58f54dbd63956b) Importer(815301076,1909f56bfc062723c751e8b465ee728b)  -> (artifact id: '027c8b18175b8c0e5162c74d6e1ea421') in 0.001559 seconds
  Import took 0.003399 seconds .

========================================================================
Received Prepare
Registering precompiled user dll's ...
Registered in 0.000610 seconds.
Begin MonoManager ReloadAssembly
Native extension for WindowsStandalone target not found
Native extension for WebGL target not found
Refreshing native plugins compatible for Editor in 0.44 ms, found 0 plugins.
Preloading 0 native plugins for Editor in 0.00 ms.
Mono: successfully reloaded assembly
- Completed reload, in  0.764 seconds
Platform modules already initialized, skipping
Refreshing native plugins compatible for Editor in 0.36 ms, found 0 plugins.
Preloading 0 native plugins for Editor in 0.00 ms.
Unloading 1220 Unused Serialized files (Serialized files now loaded: 0)
System memory in use before: 66.0 MB.
System memory in use after: 66.1 MB.

Unloading 4 unused Assets to reduce memory usage. Loaded Objects now: 1843.
Total: 1.313300 ms (FindLiveObjects: 0.128200 ms CreateObjectMapping: 0.035000 ms MarkObjects: 1.138100 ms  DeleteObjects: 0.011000 ms)

========================================================================
Received Prepare
Registering precompiled user dll's ...
Registered in 0.000435 seconds.
Begin MonoManager ReloadAssembly
Native extension for WindowsStandalone target not found
Native extension for WebGL target not found
Refreshing native plugins compatible for Editor in 0.19 ms, found 0 plugins.
Preloading 0 native plugins for Editor in 0.00 ms.
Mono: successfully reloaded assembly
- Completed reload, in  0.638 seconds
Platform modules already initialized, skipping
Refreshing native plugins compatible for Editor in 0.19 ms, found 0 plugins.
Preloading 0 native plugins for Editor in 0.00 ms.
Unloading 1220 Unused Serialized files (Serialized files now loaded: 0)
System memory in use before: 66.1 MB.
System memory in use after: 66.1 MB.

Unloading 4 unused Assets to reduce memory usage. Loaded Objects now: 1846.
Total: 1.207400 ms (FindLiveObjects: 0.116300 ms CreateObjectMapping: 0.033100 ms MarkObjects: 1.047200 ms  DeleteObjects: 0.010300 ms)

========================================================================
Received Import Request.
  Time since last request: 60.290959 seconds.
  path: Assets/Scripts/SpellBook.cs
  artifactKey: Guid(bf9a6e50fd9510847bd7f8971c3c7864) Importer(815301076,1909f56bfc062723c751e8b465ee728b)
Start importing Assets/Scripts/SpellBook.cs using Guid(bf9a6e50fd9510847bd7f8971c3c7864) Importer(815301076,1909f56bfc062723c751e8b465ee728b)  -> (artifact id: '4fab8c09069b6eb9d9e9bc66cb9815ec') in 0.007913 seconds
  Import took 0.010837 seconds .

========================================================================
Received Prepare
Registering precompiled user dll's ...
Registered in 0.000478 seconds.
Begin MonoManager ReloadAssembly
Native extension for WindowsStandalone target not found
Native extension for WebGL target not found
Refreshing native plugins compatible for Editor in 0.19 ms, found 0 plugins.
Preloading 0 native plugins for Editor in 0.00 ms.
Mono: successfully reloaded assembly
- Completed reload, in  0.649 seconds
Platform modules already initialized, skipping
Refreshing native plugins compatible for Editor in 0.19 ms, found 0 plugins.
Preloading 0 native plugins for Editor in 0.00 ms.
Unloading 1220 Unused Serialized files (Serialized files now loaded: 0)
System memory in use before: 66.1 MB.
System memory in use after: 66.2 MB.

Unloading 4 unused Assets to reduce memory usage. Loaded Objects now: 1849.
Total: 1.213000 ms (FindLiveObjects: 0.117200 ms CreateObjectMapping: 0.032400 ms MarkObjects: 1.052000 ms  DeleteObjects: 0.010700 ms)

========================================================================
Received Prepare
Registering precompiled user dll's ...
Registered in 0.000463 seconds.
Begin MonoManager ReloadAssembly
Native extension for WindowsStandalone target not found
Native extension for WebGL target not found
Refreshing native plugins compatible for Editor in 0.20 ms, found 0 plugins.
Preloading 0 native plugins for Editor in 0.00 ms.
Mono: successfully reloaded assembly
- Completed reload, in  0.627 seconds
Platform modules already initialized, skipping
Refreshing native plugins compatible for Editor in 0.18 ms, found 0 plugins.
Preloading 0 native plugins for Editor in 0.00 ms.
Unloading 1220 Unused Serialized files (Serialized files now loaded: 0)
System memory in use before: 66.1 MB.
System memory in use after: 66.2 MB.

Unloading 4 unused Assets to reduce memory usage. Loaded Objects now: 1852.
Total: 1.227400 ms (FindLiveObjects: 0.120600 ms CreateObjectMapping: 0.033600 ms MarkObjects: 1.061800 ms  DeleteObjects: 0.010600 ms)

AssetImportWorkerClient::OnTransportError - code=2 error=End of file
