Using pre-set license
Built from '2020.3/staging' branch; Version is '2020.3.8f1 (507919d4fff5) revision 5273881'; Using compiler version '192528614'; Build Type 'Release'
OS: 'Windows 10 Pro; OS build 19042.985; Version 2009; 64bit' Language: 'en' Physical Memory: 32721 MB
BatchMode: 1, IsHumanControllingUs: 0, StartBugReporterOnCrash: 0, Is64bit: 1, IsPro: 0

 COMMAND LINE ARGUMENTS:
M:\UnityProgram\2020.3.8f1\Editor\Unity.exe
-adb2
-batchMode
-noUpm
-name
AssetImportWorker0
-projectPath
F:/Unity Learn/Chaos2021/Chaos21/MyFirstGame
-logFile
Logs/AssetImportWorker0.log
-srvPort
53478
Successfully changed project path to: F:/Unity Learn/Chaos2021/Chaos21/MyFirstGame
F:/Unity Learn/Chaos2021/Chaos21/MyFirstGame
Using Asset Import Pipeline V2.
Refreshing native plugins compatible for Editor in 140.61 ms, found 1 plugins.
Preloading 0 native plugins for Editor in 0.00 ms.
Initialize engine version: 2020.3.8f1 (507919d4fff5)
[Subsystems] Discovering subsystems at path M:/UnityProgram/2020.3.8f1/Editor/Data/Resources/UnitySubsystems
[Subsystems] Discovering subsystems at path F:/Unity Learn/Chaos2021/Chaos21/MyFirstGame/Assets
GfxDevice: creating device client; threaded=0
Direct3D:
    Version:  Direct3D 11.0 [level 11.1]
    Renderer: NVIDIA GeForce GTX 1080 Ti (ID=0x1b06)
    Vendor:   
    VRAM:     11127 MB
    Driver:   27.21.14.6611
Initialize mono
Mono path[0] = 'M:/UnityProgram/2020.3.8f1/Editor/Data/Managed'
Mono path[1] = 'M:/UnityProgram/2020.3.8f1/Editor/Data/MonoBleedingEdge/lib/mono/unityjit'
Mono config path = 'M:/UnityProgram/2020.3.8f1/Editor/Data/MonoBleedingEdge/etc'
Using monoOptions --debugger-agent=transport=dt_socket,embedding=1,server=y,suspend=n,address=127.0.0.1:56736
Begin MonoManager ReloadAssembly
Registering precompiled unity dll's ...
Register platform support module: M:/UnityProgram/2020.3.8f1/Editor/Data/PlaybackEngines/WebGLSupport/UnityEditor.WebGL.Extensions.dll
Register platform support module: M:/UnityProgram/2020.3.8f1/Editor/Data/PlaybackEngines/WindowsStandaloneSupport/UnityEditor.WindowsStandalone.Extensions.dll
Registered in 0.001073 seconds.
Native extension for WindowsStandalone target not found
Native extension for WebGL target not found
Refreshing native plugins compatible for Editor in 43.73 ms, found 1 plugins.
Preloading 0 native plugins for Editor in 0.00 ms.
Mono: successfully reloaded assembly
- Completed reload, in  0.934 seconds
Platform modules already initialized, skipping
Registering precompiled user dll's ...
Registered in 0.002538 seconds.
Begin MonoManager ReloadAssembly
Native extension for WindowsStandalone target not found
Native extension for WebGL target not found
Refreshing native plugins compatible for Editor in 43.52 ms, found 1 plugins.
Preloading 0 native plugins for Editor in 0.00 ms.
Mono: successfully reloaded assembly
- Completed reload, in  1.987 seconds
Platform modules already initialized, skipping
========================================================================
Worker process is ready to serve import requests
Launched and connected shader compiler UnityShaderCompiler.exe after 0.06 seconds
Refreshing native plugins compatible for Editor in 0.43 ms, found 1 plugins.
Preloading 0 native plugins for Editor in 0.00 ms.
Unloading 2484 Unused Serialized files (Serialized files now loaded: 0)
System memory in use before: 119.1 MB.
System memory in use after: 116.5 MB.

Unloading 163 unused Assets to reduce memory usage. Loaded Objects now: 2876.
Total: 3.328600 ms (FindLiveObjects: 0.207500 ms CreateObjectMapping: 0.113000 ms MarkObjects: 1.677400 ms  DeleteObjects: 1.330100 ms)

========================================================================
Received Import Request.
  path: Assets/Karting/Scripts/AI
  artifactKey: Guid(c62ae5b3cabb846adaad28c257f53795) Importer(815301076,1909f56bfc062723c751e8b465ee728b)
Start importing Assets/Karting/Scripts/AI using Guid(c62ae5b3cabb846adaad28c257f53795) Importer(815301076,1909f56bfc062723c751e8b465ee728b)  -> (artifact id: '3e6e611bb3e4a5c44f5fd6ee7b805599') in 0.006403 seconds
  Import took 0.011933 seconds .

========================================================================
Received Import Request.
  Time since last request: 0.000157 seconds.
  path: Assets/Karting/Scripts/GameConstants.cs
  artifactKey: Guid(22e05675f944c459188804bc8033e179) Importer(815301076,1909f56bfc062723c751e8b465ee728b)
Start importing Assets/Karting/Scripts/GameConstants.cs using Guid(22e05675f944c459188804bc8033e179) Importer(815301076,1909f56bfc062723c751e8b465ee728b)  -> (artifact id: '21fc2575bfc07f846e945f82064e1f9b') in 0.044508 seconds
  Import took 0.047247 seconds .

========================================================================
Received Import Request.
  Time since last request: 0.000132 seconds.
  path: Assets/Karting/Scripts
  artifactKey: Guid(be811868f362849ba9f53bd143281996) Importer(815301076,1909f56bfc062723c751e8b465ee728b)
Start importing Assets/Karting/Scripts using Guid(be811868f362849ba9f53bd143281996) Importer(815301076,1909f56bfc062723c751e8b465ee728b)  -> (artifact id: 'd21053d3ea348d6d4816ef4d5717ee14') in 0.004318 seconds
  Import took 0.007552 seconds .

========================================================================
Received Import Request.
  Time since last request: 0.000134 seconds.
  path: Assets/Karting/Scripts/AI/KartGame.AI.asmdef
  artifactKey: Guid(c3aefbb81b4ef42e58aa75666617a7b2) Importer(815301076,1909f56bfc062723c751e8b465ee728b)
Start importing Assets/Karting/Scripts/AI/KartGame.AI.asmdef using Guid(c3aefbb81b4ef42e58aa75666617a7b2) Importer(815301076,1909f56bfc062723c751e8b465ee728b)  -> (artifact id: 'b0ab9fe182ec08d4299e47777b44b946') in 0.007899 seconds
  Import took 0.011630 seconds .

========================================================================
Received Import Request.
  Time since last request: 0.000153 seconds.
  path: Assets/Karting/Scripts/KartGame.asmdef
  artifactKey: Guid(a54b96d5ddd2c488aadb7e2cb0921b9b) Importer(815301076,1909f56bfc062723c751e8b465ee728b)
Start importing Assets/Karting/Scripts/KartGame.asmdef using Guid(a54b96d5ddd2c488aadb7e2cb0921b9b) Importer(815301076,1909f56bfc062723c751e8b465ee728b)  -> (artifact id: '0523e27017138492583bc04bc655eadf') in 0.005337 seconds
  Import took 0.008794 seconds .

========================================================================
Received Import Request.
  Time since last request: 0.000137 seconds.
  path: Assets/Karting/Scripts/FramerateCounter.cs
  artifactKey: Guid(9bb4b9b492a196d46b75760761528eeb) Importer(815301076,1909f56bfc062723c751e8b465ee728b)
Start importing Assets/Karting/Scripts/FramerateCounter.cs using Guid(9bb4b9b492a196d46b75760761528eeb) Importer(815301076,1909f56bfc062723c751e8b465ee728b)  -> (artifact id: '1c00d0d062df889659a6fff3632df7cb') in 0.004884 seconds
  Import took 0.008272 seconds .

========================================================================
Received Import Request.
  Time since last request: 0.000146 seconds.
  path: Assets/Karting/Scripts/GameFlowManager.cs
  artifactKey: Guid(5e1fea5cb3ddbc249bd0181e6766db68) Importer(815301076,1909f56bfc062723c751e8b465ee728b)
Start importing Assets/Karting/Scripts/GameFlowManager.cs using Guid(5e1fea5cb3ddbc249bd0181e6766db68) Importer(815301076,1909f56bfc062723c751e8b465ee728b)  -> (artifact id: '308dc3c176b95491711c721a03437334') in 0.004490 seconds
  Import took 0.007837 seconds .

========================================================================
Received Import Request.
  Time since last request: 3.268740 seconds.
  path: Assets/Karting/Scripts/TakeScreenshot.cs
  artifactKey: Guid(91538b0281dc4aa4fbe5784a7e562751) Importer(815301076,1909f56bfc062723c751e8b465ee728b)
Start importing Assets/Karting/Scripts/TakeScreenshot.cs using Guid(91538b0281dc4aa4fbe5784a7e562751) Importer(815301076,1909f56bfc062723c751e8b465ee728b)  -> (artifact id: 'b0acaa98e48fb28c1349b00bc0827ed9') in 0.004281 seconds
  Import took 0.007308 seconds .

========================================================================
Received Import Request.
  Time since last request: 3.783727 seconds.
  path: Assets/Karting/Scripts/UI
  artifactKey: Guid(0294f59cceb019b43953bcfa7d10dfb8) Importer(815301076,1909f56bfc062723c751e8b465ee728b)
Start importing Assets/Karting/Scripts/UI using Guid(0294f59cceb019b43953bcfa7d10dfb8) Importer(815301076,1909f56bfc062723c751e8b465ee728b)  -> (artifact id: 'c6af24e3ac8ec2c82bed9fa7bbfa6360') in 0.004192 seconds
  Import took 0.007494 seconds .

========================================================================
Received Import Request.
  Time since last request: 14.652241 seconds.
  path: Assets/Karting/Scripts/UI/TimeDisplayItem.cs
  artifactKey: Guid(02d9887def26c544a988df7073c82e8c) Importer(815301076,1909f56bfc062723c751e8b465ee728b)
Start importing Assets/Karting/Scripts/UI/TimeDisplayItem.cs using Guid(02d9887def26c544a988df7073c82e8c) Importer(815301076,1909f56bfc062723c751e8b465ee728b)  -> (artifact id: '3bd3e5e5661ddc9e56fb788083662d19') in 0.004597 seconds
  Import took 0.007845 seconds .

========================================================================
Received Import Request.
  Time since last request: 10.753093 seconds.
  path: Assets/Karting/Scripts/UI/ObjectiveHUDManger.cs
  artifactKey: Guid(6df5ceb43b5e7254f90afdf178b9cc04) Importer(815301076,1909f56bfc062723c751e8b465ee728b)
Start importing Assets/Karting/Scripts/UI/ObjectiveHUDManger.cs using Guid(6df5ceb43b5e7254f90afdf178b9cc04) Importer(815301076,1909f56bfc062723c751e8b465ee728b)  -> (artifact id: 'c86217ad2e04f42ab0d668ed80662b95') in 0.004644 seconds
  Import took 0.007967 seconds .

========================================================================
Received Prepare
Refreshing native plugins compatible for Editor in 2.55 ms, found 1 plugins.
Preloading 0 native plugins for Editor in 0.00 ms.
Unloading 54 Unused Serialized files (Serialized files now loaded: 0)
System memory in use before: 68.7 MB.
System memory in use after: 66.2 MB.

Unloading 54 unused Assets to reduce memory usage. Loaded Objects now: 2876.
Total: 4.029500 ms (FindLiveObjects: 0.186500 ms CreateObjectMapping: 0.096300 ms MarkObjects: 1.756100 ms  DeleteObjects: 1.989900 ms)

AssetImportWorkerClient::OnTransportError - code=2 error=End of file
